0 info it worked if it ends with ok
1 verbose cli [ 'node', '/usr/local/bin/npm', 'start' ]
2 info using npm@1.4.26
3 info using node@v0.10.31
4 verbose node symlink /usr/local/bin/node
5 verbose run-script [ 'prestart', 'start', 'poststart' ]
6 info prestart geostack-api@0.0.0
7 info start geostack-api@0.0.0
8 verbose unsafe-perm in lifecycle true
9 info geostack-api@0.0.0 Failed to exec start script
10 error geostack-api@0.0.0 start: `node ./bin/www`
10 error Exit status 8
11 error Failed at the geostack-api@0.0.0 start script.
11 error This is most likely a problem with the geostack-api package,
11 error not with npm itself.
11 error Tell the author that this fails on your system:
11 error     node ./bin/www
11 error You can get their info via:
11 error     npm owner ls geostack-api
11 error There is likely additional logging output above.
12 error System Darwin 13.3.0
13 error command "node" "/usr/local/bin/npm" "start"
14 error cwd /Users/erictheise/Projects/erictheise/geostack-api
15 error node -v v0.10.31
16 error npm -v 1.4.26
17 error code ELIFECYCLE
18 verbose exit [ 1, true ]
